<?xml version="1.0" encoding="UTF-8" ?>
<testsuite failures="0" time="3.624" errors="0" skipped="0" tests="4" name="com.taotao.httpclient.HttpClientTest">
  <properties>
[...]
</properties>
  <testcase time="1.226" classname="com.taotao.httpclient.HttpClientTest" name="doPost"/>
  <testcase time="0.94" classname="com.taotao.httpclient.HttpClientTest" name="doGetWithParam"/>
  <testcase time="1.456" classname="com.taotao.httpclient.HttpClientTest" name="doGet"/>
  <testcase time="0.002" classname="com.taotao.httpclient.HttpClientTest" name="doPostWithParam"/>
</testsuite>